<?xml version="1.0" encoding="UTF-8"?>
<!-- Generated by org.testng.reporters.JUnitXMLReporter -->
<testsuite hostname="Gupta-Manish" ignored="0" name="Test" tests="4" failures="0" timestamp="29 Oct 2018 10:52:54 GMT" time="111.11" errors="0">
  <testcase name="feature" time="19.065" classname="cucumber.api.testng.AbstractTestNGCucumberTests"/>
  <testcase name="feature" time="19.341" classname="cucumber.api.testng.AbstractTestNGCucumberTests"/>
  <testcase name="feature" time="7.846" classname="cucumber.api.testng.AbstractTestNGCucumberTests"/>
  <testcase name="feature" time="63.908" classname="cucumber.api.testng.AbstractTestNGCucumberTests"/>
</testsuite> <!-- Test -->
