<?xml version="1.0" encoding="UTF-8"?>
<testng-results skipped="0" failed="0" ignored="0" total="4" passed="4">
  <reporter-output>
  </reporter-output>
  <suite name="Suite" duration-ms="111110" started-at="2018-10-29T10:51:03Z" finished-at="2018-10-29T10:52:54Z">
    <groups>
      <group name="cucumber">
        <method signature="AbstractTestNGCucumberTests.feature(cucumber.api.testng.CucumberFeatureWrapper)[pri:0, instance:cucumberOptions.TestRunner@545997b1]" name="feature" class="cucumber.api.testng.AbstractTestNGCucumberTests"/>
      </group> <!-- cucumber -->
    </groups>
    <test name="Test" duration-ms="111110" started-at="2018-10-29T10:51:03Z" finished-at="2018-10-29T10:52:54Z">
      <class name="cucumberOptions.TestRunner">
        <test-method status="PASS" signature="setUpClass()[pri:0, instance:cucumberOptions.TestRunner@545997b1]" name="setUpClass" is-config="true" duration-ms="219" started-at="2018-10-29T10:51:03Z" finished-at="2018-10-29T10:51:03Z">
          <reporter-output>
          </reporter-output>
        </test-method> <!-- setUpClass -->
        <test-method status="PASS" signature="feature(cucumber.api.testng.CucumberFeatureWrapper)[pri:0, instance:cucumberOptions.TestRunner@545997b1]" name="feature" duration-ms="19065" started-at="2018-10-29T10:51:03Z" description="Runs Cucumber Feature" data-provider="features" finished-at="2018-10-29T10:51:22Z">
          <params>
            <param index="0">
              <value>
                <![CDATA[Login into the Flipkart ecommerce site]]>
              </value>
            </param>
          </params>
          <reporter-output>
          </reporter-output>
        </test-method> <!-- feature -->
        <test-method status="PASS" signature="feature(cucumber.api.testng.CucumberFeatureWrapper)[pri:0, instance:cucumberOptions.TestRunner@545997b1]" name="feature" duration-ms="19341" started-at="2018-10-29T10:51:22Z" description="Runs Cucumber Feature" data-provider="features" finished-at="2018-10-29T10:51:42Z">
          <params>
            <param index="0">
              <value>
                <![CDATA[Search into the Flipkart ecommerce site]]>
              </value>
            </param>
          </params>
          <reporter-output>
          </reporter-output>
        </test-method> <!-- feature -->
        <test-method status="PASS" signature="feature(cucumber.api.testng.CucumberFeatureWrapper)[pri:0, instance:cucumberOptions.TestRunner@545997b1]" name="feature" duration-ms="7846" started-at="2018-10-29T10:51:42Z" description="Runs Cucumber Feature" data-provider="features" finished-at="2018-10-29T10:51:49Z">
          <params>
            <param index="0">
              <value>
                <![CDATA[Product is added into the cart]]>
              </value>
            </param>
          </params>
          <reporter-output>
          </reporter-output>
        </test-method> <!-- feature -->
        <test-method status="PASS" signature="feature(cucumber.api.testng.CucumberFeatureWrapper)[pri:0, instance:cucumberOptions.TestRunner@545997b1]" name="feature" duration-ms="63908" started-at="2018-10-29T10:51:49Z" description="Runs Cucumber Feature" data-provider="features" finished-at="2018-10-29T10:52:53Z">
          <params>
            <param index="0">
              <value>
                <![CDATA[Home Page functionality]]>
              </value>
            </param>
          </params>
          <reporter-output>
          </reporter-output>
        </test-method> <!-- feature -->
        <test-method status="PASS" signature="tearDownClass()[pri:0, instance:cucumberOptions.TestRunner@545997b1]" name="tearDownClass" is-config="true" duration-ms="618" started-at="2018-10-29T10:52:53Z" finished-at="2018-10-29T10:52:54Z">
          <reporter-output>
          </reporter-output>
        </test-method> <!-- tearDownClass -->
      </class> <!-- cucumberOptions.TestRunner -->
    </test> <!-- Test -->
  </suite> <!-- Suite -->
</testng-results>
